Using pre-set license
Built from '2020.3/staging' branch; Version is '2020.3.32f1 (12f8b0834f07) revision 1243312'; Using compiler version '192528614'; Build Type 'Release'
OS: 'Windows 10  (10.0.19045) 64bit Core' Language: 'ko' Physical Memory: 32620 MB
BatchMode: 1, IsHumanControllingUs: 0, StartBugReporterOnCrash: 0, Is64bit: 1, IsPro: 0

COMMAND LINE ARGUMENTS:
D:\Unity 2020.3.32f1\Editor\Unity.exe
-adb2
-batchMode
-noUpm
-name
AssetImportWorker0
-projectPath
C:/Users/user/Desktop/DataTableManager/DataTable_Manager
-logFile
Logs/AssetImportWorker0.log
-srvPort
54238
Successfully changed project path to: C:/Users/user/Desktop/DataTableManager/DataTable_Manager
C:/Users/user/Desktop/DataTableManager/DataTable_Manager
Using Asset Import Pipeline V2.
Refreshing native plugins compatible for Editor in 35.89 ms, found 2 plugins.
Preloading 0 native plugins for Editor in 0.00 ms.
Initialize engine version: 2020.3.32f1 (12f8b0834f07)
[Subsystems] Discovering subsystems at path D:/Unity 2020.3.32f1/Editor/Data/Resources/UnitySubsystems
[Subsystems] Discovering subsystems at path C:/Users/user/Desktop/DataTableManager/DataTable_Manager/Assets
GfxDevice: creating device client; threaded=0
Direct3D:
    Version:  Direct3D 11.0 [level 11.1]
    Renderer: NVIDIA GeForce RTX 2060 SUPER (ID=0x1f06)
    Vendor:   
    VRAM:     8019 MB
    Driver:   31.0.15.3623
Initialize mono
Mono path[0] = 'D:/Unity 2020.3.32f1/Editor/Data/Managed'
Mono path[1] = 'D:/Unity 2020.3.32f1/Editor/Data/MonoBleedingEdge/lib/mono/unityjit'
Mono config path = 'D:/Unity 2020.3.32f1/Editor/Data/MonoBleedingEdge/etc'
Using monoOptions --debugger-agent=transport=dt_socket,embedding=1,server=y,suspend=n,address=127.0.0.1:56148
Begin MonoManager ReloadAssembly
Registering precompiled unity dll's ...
Register platform support module: D:/Unity 2020.3.32f1/Editor/Data/PlaybackEngines/WindowsStandaloneSupport/UnityEditor.WindowsStandalone.Extensions.dll
Registered in 0.001843 seconds.
Native extension for WindowsStandalone target not found
Refreshing native plugins compatible for Editor in 26.31 ms, found 2 plugins.
Preloading 0 native plugins for Editor in 0.00 ms.
Mono: successfully reloaded assembly
- Completed reload, in  0.504 seconds
Domain Reload Profiling:
	ReloadAssembly (505ms)
		BeginReloadAssembly (73ms)
			ExecutionOrderSort (0ms)
			DisableScriptedObjects (0ms)
			BackupInstance (0ms)
			ReleaseScriptingObjects (0ms)
			CreateAndSetChildDomain (1ms)
		EndReloadAssembly (375ms)
			LoadAssemblies (73ms)
			RebuildTransferFunctionScriptingTraits (0ms)
			SetupTypeCache (124ms)
			ReleaseScriptCaches (0ms)
			RebuildScriptCaches (25ms)
			SetupLoadedEditorAssemblies (135ms)
				LogAssemblyErrors (0ms)
				InitializePlatformSupportModulesInManaged (4ms)
				SetLoadedEditorAssemblies (0ms)
				RefreshPlugins (26ms)
				BeforeProcessingInitializeOnLoad (15ms)
				ProcessInitializeOnLoadAttributes (66ms)
				ProcessInitializeOnLoadMethodAttributes (24ms)
				AfterProcessingInitializeOnLoad (0ms)
				EditorAssembliesLoaded (0ms)
			ExecutionOrderSort2 (0ms)
			AwakeInstancesAfterBackupRestoration (0ms)
Platform modules already initialized, skipping
Registering precompiled user dll's ...
Registered in 0.008884 seconds.
Begin MonoManager ReloadAssembly
Native extension for WindowsStandalone target not found
Refreshing native plugins compatible for Editor in 0.29 ms, found 2 plugins.
Preloading 0 native plugins for Editor in 0.00 ms.
Mono: successfully reloaded assembly
- Completed reload, in  0.903 seconds
Domain Reload Profiling:
	ReloadAssembly (904ms)
		BeginReloadAssembly (146ms)
			ExecutionOrderSort (0ms)
			DisableScriptedObjects (5ms)
			BackupInstance (0ms)
			ReleaseScriptingObjects (0ms)
			CreateAndSetChildDomain (16ms)
		EndReloadAssembly (708ms)
			LoadAssemblies (111ms)
			RebuildTransferFunctionScriptingTraits (0ms)
			SetupTypeCache (243ms)
			ReleaseScriptCaches (0ms)
			RebuildScriptCaches (35ms)
			SetupLoadedEditorAssemblies (270ms)
				LogAssemblyErrors (0ms)
				InitializePlatformSupportModulesInManaged (4ms)
				SetLoadedEditorAssemblies (0ms)
				RefreshPlugins (0ms)
				BeforeProcessingInitializeOnLoad (74ms)
				ProcessInitializeOnLoadAttributes (180ms)
				ProcessInitializeOnLoadMethodAttributes (9ms)
				AfterProcessingInitializeOnLoad (3ms)
				EditorAssembliesLoaded (0ms)
			ExecutionOrderSort2 (0ms)
			AwakeInstancesAfterBackupRestoration (5ms)
Platform modules already initialized, skipping
========================================================================
Worker process is ready to serve import requests
Launched and connected shader compiler UnityShaderCompiler.exe after 0.06 seconds
Refreshing native plugins compatible for Editor in 0.31 ms, found 2 plugins.
Preloading 0 native plugins for Editor in 0.00 ms.
Unloading 1509 Unused Serialized files (Serialized files now loaded: 0)
System memory in use before: 68.6 MB.
System memory in use after: 68.6 MB.

Unloading 18 unused Assets to reduce memory usage. Loaded Objects now: 1943.
Total: 2.309900 ms (FindLiveObjects: 0.129700 ms CreateObjectMapping: 0.059600 ms MarkObjects: 2.061400 ms  DeleteObjects: 0.057900 ms)

AssetImportParameters requested are different than current active one (requested -> active):
  custom:framework-win-MediaFoundation: 216162199b28c13a410421893ffa2e32 -> 
  custom:video-decoder-ogg-theora: a1e56fd34408186e4bbccfd4996cb3dc -> 
  custom:container-muxer-webm: aa71ff27fc2769a1b78a27578f13a17b -> 
  custom:container-demuxer-webm: 4f35f7cbe854078d1ac9338744f61a02 -> 
  custom:container-demuxer-ogg: 62fdf1f143b41e24485cea50d1cbac27 -> 
  custom:video-encoder-webm-vp8: eb34c28f22e8b96e1ab97ce403110664 -> 
  custom:video-decoder-webm-vp8: 9c59270c3fd7afecdb556c50c9e8de78 -> 
  custom:audio-decoder-ogg-vorbis: bf7c407c2cedff20999df2af8eb42d56 -> 
  custom:audio-encoder-webm-vorbis: bf7c407c2cedff20999df2af8eb42d56 -> 
========================================================================
Received Import Request.
  path: Assets/Scripts/ExcelDataReader.cs
  artifactKey: Guid(35ff9e54711ce8243960ac726084a2fb) Importer(815301076,1909f56bfc062723c751e8b465ee728b)
Start importing Assets/Scripts/ExcelDataReader.cs using Guid(35ff9e54711ce8243960ac726084a2fb) Importer(815301076,1909f56bfc062723c751e8b465ee728b)  -> (artifact id: 'ea26bd60c09e7b220680dba941c2ddbe') in 0.040212 seconds 
========================================================================
Received Import Request.
  Time since last request: 9.099927 seconds.
  path: Assets/Scripts/ExcelDataReader.cs
  artifactKey: Guid(35ff9e54711ce8243960ac726084a2fb) Importer(815301076,1909f56bfc062723c751e8b465ee728b)
Start importing Assets/Scripts/ExcelDataReader.cs using Guid(35ff9e54711ce8243960ac726084a2fb) Importer(815301076,1909f56bfc062723c751e8b465ee728b)  -> (artifact id: 'f905b7ab082bc68fbf0898ad48912dc3') in 0.005065 seconds 
========================================================================
Received Prepare
Registering precompiled user dll's ...
Registered in 0.008008 seconds.
Begin MonoManager ReloadAssembly
Native extension for WindowsStandalone target not found
Refreshing native plugins compatible for Editor in 0.31 ms, found 2 plugins.
Preloading 0 native plugins for Editor in 0.00 ms.
Mono: successfully reloaded assembly
- Completed reload, in  0.936 seconds
Domain Reload Profiling:
	ReloadAssembly (937ms)
		BeginReloadAssembly (116ms)
			ExecutionOrderSort (0ms)
			DisableScriptedObjects (4ms)
			BackupInstance (0ms)
			ReleaseScriptingObjects (0ms)
			CreateAndSetChildDomain (26ms)
		EndReloadAssembly (772ms)
			LoadAssemblies (106ms)
			RebuildTransferFunctionScriptingTraits (0ms)
			SetupTypeCache (267ms)
			ReleaseScriptCaches (1ms)
			RebuildScriptCaches (39ms)
			SetupLoadedEditorAssemblies (237ms)
				LogAssemblyErrors (0ms)
				InitializePlatformSupportModulesInManaged (4ms)
				SetLoadedEditorAssemblies (0ms)
				RefreshPlugins (0ms)
				BeforeProcessingInitializeOnLoad (62ms)
				ProcessInitializeOnLoadAttributes (160ms)
				ProcessInitializeOnLoadMethodAttributes (8ms)
				AfterProcessingInitializeOnLoad (3ms)
				EditorAssembliesLoaded (0ms)
			ExecutionOrderSort2 (0ms)
			AwakeInstancesAfterBackupRestoration (6ms)
Platform modules already initialized, skipping
Refreshing native plugins compatible for Editor in 0.29 ms, found 2 plugins.
Preloading 0 native plugins for Editor in 0.00 ms.
Unloading 1503 Unused Serialized files (Serialized files now loaded: 0)
System memory in use before: 68.4 MB.
System memory in use after: 68.6 MB.

Unloading 13 unused Assets to reduce memory usage. Loaded Objects now: 1946.
Total: 2.224900 ms (FindLiveObjects: 0.107400 ms CreateObjectMapping: 0.043400 ms MarkObjects: 2.056600 ms  DeleteObjects: 0.016700 ms)

AssetImportParameters requested are different than current active one (requested -> active):
  custom:framework-win-MediaFoundation: 216162199b28c13a410421893ffa2e32 -> 
  custom:video-decoder-ogg-theora: a1e56fd34408186e4bbccfd4996cb3dc -> 
  custom:container-muxer-webm: aa71ff27fc2769a1b78a27578f13a17b -> 
  custom:container-demuxer-webm: 4f35f7cbe854078d1ac9338744f61a02 -> 
  custom:container-demuxer-ogg: 62fdf1f143b41e24485cea50d1cbac27 -> 
  custom:video-encoder-webm-vp8: eb34c28f22e8b96e1ab97ce403110664 -> 
  custom:video-decoder-webm-vp8: 9c59270c3fd7afecdb556c50c9e8de78 -> 
  custom:audio-decoder-ogg-vorbis: bf7c407c2cedff20999df2af8eb42d56 -> 
  custom:audio-encoder-webm-vorbis: bf7c407c2cedff20999df2af8eb42d56 -> 
========================================================================
Received Import Request.
  Time since last request: 121.797575 seconds.
  path: Assets/Scripts/ExcelDataReader.cs
  artifactKey: Guid(35ff9e54711ce8243960ac726084a2fb) Importer(815301076,1909f56bfc062723c751e8b465ee728b)
Start importing Assets/Scripts/ExcelDataReader.cs using Guid(35ff9e54711ce8243960ac726084a2fb) Importer(815301076,1909f56bfc062723c751e8b465ee728b)  -> (artifact id: '0d016c9115e1617a24103544aebacf35') in 0.006678 seconds 
========================================================================
Received Prepare
Registering precompiled user dll's ...
Registered in 0.007822 seconds.
Begin MonoManager ReloadAssembly
Native extension for WindowsStandalone target not found
Refreshing native plugins compatible for Editor in 0.29 ms, found 2 plugins.
Preloading 0 native plugins for Editor in 0.00 ms.
Mono: successfully reloaded assembly
- Completed reload, in  0.904 seconds
Domain Reload Profiling:
	ReloadAssembly (904ms)
		BeginReloadAssembly (113ms)
			ExecutionOrderSort (0ms)
			DisableScriptedObjects (4ms)
			BackupInstance (0ms)
			ReleaseScriptingObjects (0ms)
			CreateAndSetChildDomain (28ms)
		EndReloadAssembly (743ms)
			LoadAssemblies (104ms)
			RebuildTransferFunctionScriptingTraits (0ms)
			SetupTypeCache (283ms)
			ReleaseScriptCaches (1ms)
			RebuildScriptCaches (35ms)
			SetupLoadedEditorAssemblies (236ms)
				LogAssemblyErrors (0ms)
				InitializePlatformSupportModulesInManaged (4ms)
				SetLoadedEditorAssemblies (0ms)
				RefreshPlugins (0ms)
				BeforeProcessingInitializeOnLoad (63ms)
				ProcessInitializeOnLoadAttributes (158ms)
				ProcessInitializeOnLoadMethodAttributes (8ms)
				AfterProcessingInitializeOnLoad (3ms)
				EditorAssembliesLoaded (0ms)
			ExecutionOrderSort2 (0ms)
			AwakeInstancesAfterBackupRestoration (5ms)
Platform modules already initialized, skipping
Refreshing native plugins compatible for Editor in 0.32 ms, found 2 plugins.
Preloading 0 native plugins for Editor in 0.00 ms.
Unloading 1503 Unused Serialized files (Serialized files now loaded: 0)
System memory in use before: 68.5 MB.
System memory in use after: 68.6 MB.

Unloading 13 unused Assets to reduce memory usage. Loaded Objects now: 1949.
Total: 2.051400 ms (FindLiveObjects: 0.117700 ms CreateObjectMapping: 0.043300 ms MarkObjects: 1.872300 ms  DeleteObjects: 0.016900 ms)

AssetImportParameters requested are different than current active one (requested -> active):
  custom:framework-win-MediaFoundation: 216162199b28c13a410421893ffa2e32 -> 
  custom:video-decoder-ogg-theora: a1e56fd34408186e4bbccfd4996cb3dc -> 
  custom:container-muxer-webm: aa71ff27fc2769a1b78a27578f13a17b -> 
  custom:container-demuxer-webm: 4f35f7cbe854078d1ac9338744f61a02 -> 
  custom:container-demuxer-ogg: 62fdf1f143b41e24485cea50d1cbac27 -> 
  custom:video-encoder-webm-vp8: eb34c28f22e8b96e1ab97ce403110664 -> 
  custom:video-decoder-webm-vp8: 9c59270c3fd7afecdb556c50c9e8de78 -> 
  custom:audio-decoder-ogg-vorbis: bf7c407c2cedff20999df2af8eb42d56 -> 
  custom:audio-encoder-webm-vorbis: bf7c407c2cedff20999df2af8eb42d56 -> 
========================================================================
Received Prepare
Registering precompiled user dll's ...
Registered in 0.008443 seconds.
Begin MonoManager ReloadAssembly
Native extension for WindowsStandalone target not found
Refreshing native plugins compatible for Editor in 0.30 ms, found 2 plugins.
Preloading 0 native plugins for Editor in 0.00 ms.
Mono: successfully reloaded assembly
- Completed reload, in  0.830 seconds
Domain Reload Profiling:
	ReloadAssembly (830ms)
		BeginReloadAssembly (111ms)
			ExecutionOrderSort (0ms)
			DisableScriptedObjects (4ms)
			BackupInstance (0ms)
			ReleaseScriptingObjects (0ms)
			CreateAndSetChildDomain (24ms)
		EndReloadAssembly (653ms)
			LoadAssemblies (107ms)
			RebuildTransferFunctionScriptingTraits (0ms)
			SetupTypeCache (223ms)
			ReleaseScriptCaches (1ms)
			RebuildScriptCaches (32ms)
			SetupLoadedEditorAssemblies (239ms)
				LogAssemblyErrors (0ms)
				InitializePlatformSupportModulesInManaged (4ms)
				SetLoadedEditorAssemblies (0ms)
				RefreshPlugins (0ms)
				BeforeProcessingInitializeOnLoad (64ms)
				ProcessInitializeOnLoadAttributes (160ms)
				ProcessInitializeOnLoadMethodAttributes (8ms)
				AfterProcessingInitializeOnLoad (3ms)
				EditorAssembliesLoaded (0ms)
			ExecutionOrderSort2 (0ms)
			AwakeInstancesAfterBackupRestoration (5ms)
Platform modules already initialized, skipping
Refreshing native plugins compatible for Editor in 0.29 ms, found 2 plugins.
Preloading 0 native plugins for Editor in 0.00 ms.
Unloading 1503 Unused Serialized files (Serialized files now loaded: 0)
System memory in use before: 68.5 MB.
System memory in use after: 68.6 MB.

Unloading 13 unused Assets to reduce memory usage. Loaded Objects now: 1952.
Total: 2.193100 ms (FindLiveObjects: 0.116800 ms CreateObjectMapping: 0.047300 ms MarkObjects: 2.009300 ms  DeleteObjects: 0.018600 ms)

AssetImportParameters requested are different than current active one (requested -> active):
  custom:framework-win-MediaFoundation: 216162199b28c13a410421893ffa2e32 -> 
  custom:video-decoder-ogg-theora: a1e56fd34408186e4bbccfd4996cb3dc -> 
  custom:container-muxer-webm: aa71ff27fc2769a1b78a27578f13a17b -> 
  custom:container-demuxer-webm: 4f35f7cbe854078d1ac9338744f61a02 -> 
  custom:container-demuxer-ogg: 62fdf1f143b41e24485cea50d1cbac27 -> 
  custom:video-encoder-webm-vp8: eb34c28f22e8b96e1ab97ce403110664 -> 
  custom:video-decoder-webm-vp8: 9c59270c3fd7afecdb556c50c9e8de78 -> 
  custom:audio-decoder-ogg-vorbis: bf7c407c2cedff20999df2af8eb42d56 -> 
  custom:audio-encoder-webm-vorbis: bf7c407c2cedff20999df2af8eb42d56 -> 
========================================================================
Received Prepare
Registering precompiled user dll's ...
Registered in 0.008066 seconds.
Begin MonoManager ReloadAssembly
Native extension for WindowsStandalone target not found
Refreshing native plugins compatible for Editor in 0.31 ms, found 2 plugins.
Preloading 0 native plugins for Editor in 0.00 ms.
Mono: successfully reloaded assembly
- Completed reload, in  0.854 seconds
Domain Reload Profiling:
	ReloadAssembly (854ms)
		BeginReloadAssembly (111ms)
			ExecutionOrderSort (0ms)
			DisableScriptedObjects (4ms)
			BackupInstance (0ms)
			ReleaseScriptingObjects (0ms)
			CreateAndSetChildDomain (24ms)
		EndReloadAssembly (693ms)
			LoadAssemblies (108ms)
			RebuildTransferFunctionScriptingTraits (0ms)
			SetupTypeCache (224ms)
			ReleaseScriptCaches (1ms)
			RebuildScriptCaches (32ms)
			SetupLoadedEditorAssemblies (275ms)
				LogAssemblyErrors (0ms)
				InitializePlatformSupportModulesInManaged (4ms)
				SetLoadedEditorAssemblies (0ms)
				RefreshPlugins (0ms)
				BeforeProcessingInitializeOnLoad (82ms)
				ProcessInitializeOnLoadAttributes (177ms)
				ProcessInitializeOnLoadMethodAttributes (8ms)
				AfterProcessingInitializeOnLoad (3ms)
				EditorAssembliesLoaded (0ms)
			ExecutionOrderSort2 (0ms)
			AwakeInstancesAfterBackupRestoration (6ms)
Platform modules already initialized, skipping
Refreshing native plugins compatible for Editor in 0.32 ms, found 2 plugins.
Preloading 0 native plugins for Editor in 0.00 ms.
Unloading 1503 Unused Serialized files (Serialized files now loaded: 0)
System memory in use before: 68.5 MB.
System memory in use after: 68.6 MB.

Unloading 13 unused Assets to reduce memory usage. Loaded Objects now: 1955.
Total: 2.335900 ms (FindLiveObjects: 0.133400 ms CreateObjectMapping: 0.056200 ms MarkObjects: 2.121700 ms  DeleteObjects: 0.023300 ms)

AssetImportParameters requested are different than current active one (requested -> active):
  custom:framework-win-MediaFoundation: 216162199b28c13a410421893ffa2e32 -> 
  custom:video-decoder-ogg-theora: a1e56fd34408186e4bbccfd4996cb3dc -> 
  custom:container-muxer-webm: aa71ff27fc2769a1b78a27578f13a17b -> 
  custom:container-demuxer-webm: 4f35f7cbe854078d1ac9338744f61a02 -> 
  custom:container-demuxer-ogg: 62fdf1f143b41e24485cea50d1cbac27 -> 
  custom:video-encoder-webm-vp8: eb34c28f22e8b96e1ab97ce403110664 -> 
  custom:video-decoder-webm-vp8: 9c59270c3fd7afecdb556c50c9e8de78 -> 
  custom:audio-decoder-ogg-vorbis: bf7c407c2cedff20999df2af8eb42d56 -> 
  custom:audio-encoder-webm-vorbis: bf7c407c2cedff20999df2af8eb42d56 -> 
========================================================================
Received Prepare
Registering precompiled user dll's ...
Registered in 0.006739 seconds.
Begin MonoManager ReloadAssembly
Native extension for WindowsStandalone target not found
Refreshing native plugins compatible for Editor in 0.29 ms, found 2 plugins.
Preloading 0 native plugins for Editor in 0.00 ms.
Mono: successfully reloaded assembly
- Completed reload, in  0.866 seconds
Domain Reload Profiling:
	ReloadAssembly (866ms)
		BeginReloadAssembly (111ms)
			ExecutionOrderSort (0ms)
			DisableScriptedObjects (4ms)
			BackupInstance (0ms)
			ReleaseScriptingObjects (0ms)
			CreateAndSetChildDomain (25ms)
		EndReloadAssembly (708ms)
			LoadAssemblies (122ms)
			RebuildTransferFunctionScriptingTraits (0ms)
			SetupTypeCache (241ms)
			ReleaseScriptCaches (1ms)
			RebuildScriptCaches (30ms)
			SetupLoadedEditorAssemblies (257ms)
				LogAssemblyErrors (0ms)
				InitializePlatformSupportModulesInManaged (4ms)
				SetLoadedEditorAssemblies (0ms)
				RefreshPlugins (0ms)
				BeforeProcessingInitializeOnLoad (82ms)
				ProcessInitializeOnLoadAttributes (160ms)
				ProcessInitializeOnLoadMethodAttributes (8ms)
				AfterProcessingInitializeOnLoad (3ms)
				EditorAssembliesLoaded (0ms)
			ExecutionOrderSort2 (0ms)
			AwakeInstancesAfterBackupRestoration (6ms)
Platform modules already initialized, skipping
Refreshing native plugins compatible for Editor in 0.32 ms, found 2 plugins.
Preloading 0 native plugins for Editor in 0.00 ms.
Unloading 1502 Unused Serialized files (Serialized files now loaded: 0)
System memory in use before: 68.5 MB.
System memory in use after: 68.6 MB.

Unloading 14 unused Assets to reduce memory usage. Loaded Objects now: 1957.
Total: 2.294000 ms (FindLiveObjects: 0.111500 ms CreateObjectMapping: 0.043600 ms MarkObjects: 2.120400 ms  DeleteObjects: 0.017600 ms)

AssetImportParameters requested are different than current active one (requested -> active):
  custom:framework-win-MediaFoundation: 216162199b28c13a410421893ffa2e32 -> 
  custom:video-decoder-ogg-theora: a1e56fd34408186e4bbccfd4996cb3dc -> 
  custom:container-muxer-webm: aa71ff27fc2769a1b78a27578f13a17b -> 
  custom:container-demuxer-webm: 4f35f7cbe854078d1ac9338744f61a02 -> 
  custom:container-demuxer-ogg: 62fdf1f143b41e24485cea50d1cbac27 -> 
  custom:video-encoder-webm-vp8: eb34c28f22e8b96e1ab97ce403110664 -> 
  custom:video-decoder-webm-vp8: 9c59270c3fd7afecdb556c50c9e8de78 -> 
  custom:audio-decoder-ogg-vorbis: bf7c407c2cedff20999df2af8eb42d56 -> 
  custom:audio-encoder-webm-vorbis: bf7c407c2cedff20999df2af8eb42d56 -> 
========================================================================
Received Import Request.
  Time since last request: 38.802401 seconds.
  path: Assets/Scripts/ExcelDataParse.cs
  artifactKey: Guid(d39faa92a299686469828e3108f29bfa) Importer(815301076,1909f56bfc062723c751e8b465ee728b)
Start importing Assets/Scripts/ExcelDataParse.cs using Guid(d39faa92a299686469828e3108f29bfa) Importer(815301076,1909f56bfc062723c751e8b465ee728b)  -> (artifact id: '958f1b6222c4bcf47759239031afe144') in 0.013344 seconds 
========================================================================
Received Prepare
Registering precompiled user dll's ...
Registered in 0.007190 seconds.
Begin MonoManager ReloadAssembly
Native extension for WindowsStandalone target not found
Refreshing native plugins compatible for Editor in 0.30 ms, found 2 plugins.
Preloading 0 native plugins for Editor in 0.00 ms.
Mono: successfully reloaded assembly
- Completed reload, in  0.794 seconds
Domain Reload Profiling:
	ReloadAssembly (795ms)
		BeginReloadAssembly (114ms)
			ExecutionOrderSort (0ms)
			DisableScriptedObjects (5ms)
			BackupInstance (0ms)
			ReleaseScriptingObjects (0ms)
			CreateAndSetChildDomain (29ms)
		EndReloadAssembly (634ms)
			LoadAssemblies (100ms)
			RebuildTransferFunctionScriptingTraits (0ms)
			SetupTypeCache (212ms)
			ReleaseScriptCaches (1ms)
			RebuildScriptCaches (30ms)
			SetupLoadedEditorAssemblies (232ms)
				LogAssemblyErrors (0ms)
				InitializePlatformSupportModulesInManaged (4ms)
				SetLoadedEditorAssemblies (0ms)
				RefreshPlugins (0ms)
				BeforeProcessingInitializeOnLoad (60ms)
				ProcessInitializeOnLoadAttributes (156ms)
				ProcessInitializeOnLoadMethodAttributes (8ms)
				AfterProcessingInitializeOnLoad (3ms)
				EditorAssembliesLoaded (0ms)
			ExecutionOrderSort2 (0ms)
			AwakeInstancesAfterBackupRestoration (8ms)
Platform modules already initialized, skipping
Refreshing native plugins compatible for Editor in 0.28 ms, found 2 plugins.
Preloading 0 native plugins for Editor in 0.00 ms.
Unloading 1503 Unused Serialized files (Serialized files now loaded: 0)
System memory in use before: 68.5 MB.
System memory in use after: 68.6 MB.

Unloading 13 unused Assets to reduce memory usage. Loaded Objects now: 1961.
Total: 2.161200 ms (FindLiveObjects: 0.107900 ms CreateObjectMapping: 0.044100 ms MarkObjects: 1.992100 ms  DeleteObjects: 0.016400 ms)

AssetImportParameters requested are different than current active one (requested -> active):
  custom:framework-win-MediaFoundation: 216162199b28c13a410421893ffa2e32 -> 
  custom:video-decoder-ogg-theora: a1e56fd34408186e4bbccfd4996cb3dc -> 
  custom:container-muxer-webm: aa71ff27fc2769a1b78a27578f13a17b -> 
  custom:container-demuxer-webm: 4f35f7cbe854078d1ac9338744f61a02 -> 
  custom:container-demuxer-ogg: 62fdf1f143b41e24485cea50d1cbac27 -> 
  custom:video-encoder-webm-vp8: eb34c28f22e8b96e1ab97ce403110664 -> 
  custom:video-decoder-webm-vp8: 9c59270c3fd7afecdb556c50c9e8de78 -> 
  custom:audio-decoder-ogg-vorbis: bf7c407c2cedff20999df2af8eb42d56 -> 
  custom:audio-encoder-webm-vorbis: bf7c407c2cedff20999df2af8eb42d56 -> 
========================================================================
Received Import Request.
  Time since last request: 3.651114 seconds.
  path: Assets/Scripts/ExcelDataParser.cs
  artifactKey: Guid(d39faa92a299686469828e3108f29bfa) Importer(815301076,1909f56bfc062723c751e8b465ee728b)
Start importing Assets/Scripts/ExcelDataParser.cs using Guid(d39faa92a299686469828e3108f29bfa) Importer(815301076,1909f56bfc062723c751e8b465ee728b)  -> (artifact id: '7e43280669c633f59439b7ca9b5003f2') in 0.015444 seconds 
========================================================================
Received Prepare
Registering precompiled user dll's ...
Registered in 0.006697 seconds.
Begin MonoManager ReloadAssembly
Native extension for WindowsStandalone target not found
Refreshing native plugins compatible for Editor in 0.55 ms, found 2 plugins.
Preloading 0 native plugins for Editor in 0.00 ms.
Mono: successfully reloaded assembly
- Completed reload, in  0.843 seconds
Domain Reload Profiling:
	ReloadAssembly (844ms)
		BeginReloadAssembly (109ms)
			ExecutionOrderSort (0ms)
			DisableScriptedObjects (4ms)
			BackupInstance (0ms)
			ReleaseScriptingObjects (0ms)
			CreateAndSetChildDomain (24ms)
		EndReloadAssembly (686ms)
			LoadAssemblies (108ms)
			RebuildTransferFunctionScriptingTraits (0ms)
			SetupTypeCache (244ms)
			ReleaseScriptCaches (1ms)
			RebuildScriptCaches (33ms)
			SetupLoadedEditorAssemblies (243ms)
				LogAssemblyErrors (0ms)
				InitializePlatformSupportModulesInManaged (4ms)
				SetLoadedEditorAssemblies (1ms)
				RefreshPlugins (1ms)
				BeforeProcessingInitializeOnLoad (63ms)
				ProcessInitializeOnLoadAttributes (164ms)
				ProcessInitializeOnLoadMethodAttributes (8ms)
				AfterProcessingInitializeOnLoad (3ms)
				EditorAssembliesLoaded (0ms)
			ExecutionOrderSort2 (0ms)
			AwakeInstancesAfterBackupRestoration (5ms)
Platform modules already initialized, skipping
Refreshing native plugins compatible for Editor in 0.30 ms, found 2 plugins.
Preloading 0 native plugins for Editor in 0.00 ms.
Unloading 1503 Unused Serialized files (Serialized files now loaded: 0)
System memory in use before: 68.5 MB.
System memory in use after: 68.6 MB.

Unloading 13 unused Assets to reduce memory usage. Loaded Objects now: 1964.
Total: 2.165400 ms (FindLiveObjects: 0.135100 ms CreateObjectMapping: 0.052800 ms MarkObjects: 1.958800 ms  DeleteObjects: 0.017400 ms)

AssetImportParameters requested are different than current active one (requested -> active):
  custom:framework-win-MediaFoundation: 216162199b28c13a410421893ffa2e32 -> 
  custom:video-decoder-ogg-theora: a1e56fd34408186e4bbccfd4996cb3dc -> 
  custom:container-muxer-webm: aa71ff27fc2769a1b78a27578f13a17b -> 
  custom:container-demuxer-webm: 4f35f7cbe854078d1ac9338744f61a02 -> 
  custom:container-demuxer-ogg: 62fdf1f143b41e24485cea50d1cbac27 -> 
  custom:video-encoder-webm-vp8: eb34c28f22e8b96e1ab97ce403110664 -> 
  custom:video-decoder-webm-vp8: 9c59270c3fd7afecdb556c50c9e8de78 -> 
  custom:audio-decoder-ogg-vorbis: bf7c407c2cedff20999df2af8eb42d56 -> 
  custom:audio-encoder-webm-vorbis: bf7c407c2cedff20999df2af8eb42d56 -> 
========================================================================
Received Import Request.
  Time since last request: 17.176586 seconds.
  path: Assets/Scripts/ExcelDataParser.cs
  artifactKey: Guid(d39faa92a299686469828e3108f29bfa) Importer(815301076,1909f56bfc062723c751e8b465ee728b)
Start importing Assets/Scripts/ExcelDataParser.cs using Guid(d39faa92a299686469828e3108f29bfa) Importer(815301076,1909f56bfc062723c751e8b465ee728b)  -> (artifact id: '7a0c4c8f6dfab4c9125e13c7f2b745ae') in 0.006916 seconds 
========================================================================
Received Import Request.
  Time since last request: 20.577261 seconds.
  path: Assets/Scripts/ExcelDataParser.cs
  artifactKey: Guid(d39faa92a299686469828e3108f29bfa) Importer(815301076,1909f56bfc062723c751e8b465ee728b)
Start importing Assets/Scripts/ExcelDataParser.cs using Guid(d39faa92a299686469828e3108f29bfa) Importer(815301076,1909f56bfc062723c751e8b465ee728b)  -> (artifact id: '55701ef39fbf65ba9e2a63c95fa84aca') in 0.004591 seconds 
========================================================================
Received Import Request.
  Time since last request: 1.417200 seconds.
  path: Assets/Scripts/ExcelDataParser.cs
  artifactKey: Guid(d39faa92a299686469828e3108f29bfa) Importer(815301076,1909f56bfc062723c751e8b465ee728b)
Start importing Assets/Scripts/ExcelDataParser.cs using Guid(d39faa92a299686469828e3108f29bfa) Importer(815301076,1909f56bfc062723c751e8b465ee728b)  -> (artifact id: '561aaeebf7ff9c0953c1401d169e0db4') in 0.004933 seconds 
========================================================================
Received Import Request.
  Time since last request: 7.923491 seconds.
  path: Assets/Scripts/ExcelDataParser.cs
  artifactKey: Guid(d39faa92a299686469828e3108f29bfa) Importer(815301076,1909f56bfc062723c751e8b465ee728b)
Start importing Assets/Scripts/ExcelDataParser.cs using Guid(d39faa92a299686469828e3108f29bfa) Importer(815301076,1909f56bfc062723c751e8b465ee728b)  -> (artifact id: 'd8daa07dff1c18173adfaa35cc64cbf3') in 0.006036 seconds 
========================================================================
Received Import Request.
  Time since last request: 0.626367 seconds.
  path: Assets/Scripts/ExcelDataParser.cs
  artifactKey: Guid(d39faa92a299686469828e3108f29bfa) Importer(815301076,1909f56bfc062723c751e8b465ee728b)
Start importing Assets/Scripts/ExcelDataParser.cs using Guid(d39faa92a299686469828e3108f29bfa) Importer(815301076,1909f56bfc062723c751e8b465ee728b)  -> (artifact id: '95d2618ccc220bc83314cb458324e270') in 0.004869 seconds 
========================================================================
Received Import Request.
  Time since last request: 7.862432 seconds.
  path: Assets/Scripts/ExcelDataParser.cs
  artifactKey: Guid(d39faa92a299686469828e3108f29bfa) Importer(815301076,1909f56bfc062723c751e8b465ee728b)
Start importing Assets/Scripts/ExcelDataParser.cs using Guid(d39faa92a299686469828e3108f29bfa) Importer(815301076,1909f56bfc062723c751e8b465ee728b)  -> (artifact id: '586534ebf37532f970c622c36dd3d378') in 0.004564 seconds 
========================================================================
Received Import Request.
  Time since last request: 1.165952 seconds.
  path: Assets/Scripts/ExcelDataParser.cs
  artifactKey: Guid(d39faa92a299686469828e3108f29bfa) Importer(815301076,1909f56bfc062723c751e8b465ee728b)
Start importing Assets/Scripts/ExcelDataParser.cs using Guid(d39faa92a299686469828e3108f29bfa) Importer(815301076,1909f56bfc062723c751e8b465ee728b)  -> (artifact id: '75830f50b17e82edec138c13455e0994') in 0.004452 seconds 
========================================================================
Received Import Request.
  Time since last request: 16.992948 seconds.
  path: Assets/Scripts/ExcelDataParser.cs
  artifactKey: Guid(d39faa92a299686469828e3108f29bfa) Importer(815301076,1909f56bfc062723c751e8b465ee728b)
Start importing Assets/Scripts/ExcelDataParser.cs using Guid(d39faa92a299686469828e3108f29bfa) Importer(815301076,1909f56bfc062723c751e8b465ee728b)  -> (artifact id: '6fa4dbca857fa65afb34ae0fb9938cce') in 0.005243 seconds 
========================================================================
Received Import Request.
  Time since last request: 1.343188 seconds.
  path: Assets/Scripts/ExcelDataParser.cs
  artifactKey: Guid(d39faa92a299686469828e3108f29bfa) Importer(815301076,1909f56bfc062723c751e8b465ee728b)
Start importing Assets/Scripts/ExcelDataParser.cs using Guid(d39faa92a299686469828e3108f29bfa) Importer(815301076,1909f56bfc062723c751e8b465ee728b)  -> (artifact id: 'b61ade2c16fdba5df788e7bce983ce34') in 0.004462 seconds 
========================================================================
Received Import Request.
  Time since last request: 2.030763 seconds.
  path: Assets/Scripts/ExcelDataParser.cs
  artifactKey: Guid(d39faa92a299686469828e3108f29bfa) Importer(815301076,1909f56bfc062723c751e8b465ee728b)
Start importing Assets/Scripts/ExcelDataParser.cs using Guid(d39faa92a299686469828e3108f29bfa) Importer(815301076,1909f56bfc062723c751e8b465ee728b)  -> (artifact id: '2eaa8d1e658a7dbdedca3d1378c2330b') in 0.004899 seconds 
========================================================================
Received Import Request.
  Time since last request: 4.689308 seconds.
  path: Assets/Scripts/ExcelDataParser.cs
  artifactKey: Guid(d39faa92a299686469828e3108f29bfa) Importer(815301076,1909f56bfc062723c751e8b465ee728b)
Start importing Assets/Scripts/ExcelDataParser.cs using Guid(d39faa92a299686469828e3108f29bfa) Importer(815301076,1909f56bfc062723c751e8b465ee728b)  -> (artifact id: '78135508811f30c9bfc3a0a3f9e6575e') in 0.005078 seconds 
========================================================================
Received Import Request.
  Time since last request: 3.951439 seconds.
  path: Assets/Scripts/ExcelDataParser.cs
  artifactKey: Guid(d39faa92a299686469828e3108f29bfa) Importer(815301076,1909f56bfc062723c751e8b465ee728b)
Start importing Assets/Scripts/ExcelDataParser.cs using Guid(d39faa92a299686469828e3108f29bfa) Importer(815301076,1909f56bfc062723c751e8b465ee728b)  -> (artifact id: 'ed87c04c8a33bfe2e4f2e2008a753fa8') in 0.004565 seconds 
========================================================================
Received Import Request.
  Time since last request: 9.729772 seconds.
  path: Assets/Scripts/ExcelDataParser.cs
  artifactKey: Guid(d39faa92a299686469828e3108f29bfa) Importer(815301076,1909f56bfc062723c751e8b465ee728b)
Start importing Assets/Scripts/ExcelDataParser.cs using Guid(d39faa92a299686469828e3108f29bfa) Importer(815301076,1909f56bfc062723c751e8b465ee728b)  -> (artifact id: 'cc149f07075e0710f33398ab996dea80') in 0.004757 seconds 
========================================================================
Received Import Request.
  Time since last request: 3.491727 seconds.
  path: Assets/Scripts/ExcelDataParser.cs
  artifactKey: Guid(d39faa92a299686469828e3108f29bfa) Importer(815301076,1909f56bfc062723c751e8b465ee728b)
Start importing Assets/Scripts/ExcelDataParser.cs using Guid(d39faa92a299686469828e3108f29bfa) Importer(815301076,1909f56bfc062723c751e8b465ee728b)  -> (artifact id: '464aaae8fdfcb12782114ee5a5366d5d') in 0.004718 seconds 
========================================================================
Received Import Request.
  Time since last request: 24.632450 seconds.
  path: Assets/Scripts/ExcelDataParser.cs
  artifactKey: Guid(d39faa92a299686469828e3108f29bfa) Importer(815301076,1909f56bfc062723c751e8b465ee728b)
Start importing Assets/Scripts/ExcelDataParser.cs using Guid(d39faa92a299686469828e3108f29bfa) Importer(815301076,1909f56bfc062723c751e8b465ee728b)  -> (artifact id: '2f63399a529c4168c64d42789872ebb0') in 0.005332 seconds 
========================================================================
Received Import Request.
  Time since last request: 6.853528 seconds.
  path: Assets/Scripts/ExcelDataParser.cs
  artifactKey: Guid(d39faa92a299686469828e3108f29bfa) Importer(815301076,1909f56bfc062723c751e8b465ee728b)
Start importing Assets/Scripts/ExcelDataParser.cs using Guid(d39faa92a299686469828e3108f29bfa) Importer(815301076,1909f56bfc062723c751e8b465ee728b)  -> (artifact id: '225fa656f4c163469385bd13339c769b') in 0.005176 seconds 
========================================================================
Received Import Request.
  Time since last request: 3.820939 seconds.
  path: Assets/Scripts/ExcelDataParser.cs
  artifactKey: Guid(d39faa92a299686469828e3108f29bfa) Importer(815301076,1909f56bfc062723c751e8b465ee728b)
Start importing Assets/Scripts/ExcelDataParser.cs using Guid(d39faa92a299686469828e3108f29bfa) Importer(815301076,1909f56bfc062723c751e8b465ee728b)  -> (artifact id: '5c87cf3bf1122f905b7fffd1aa4d28cc') in 0.005102 seconds 
========================================================================
Received Import Request.
  Time since last request: 11.436705 seconds.
  path: Assets/Scripts/ExcelDataParser.cs
  artifactKey: Guid(d39faa92a299686469828e3108f29bfa) Importer(815301076,1909f56bfc062723c751e8b465ee728b)
Start importing Assets/Scripts/ExcelDataParser.cs using Guid(d39faa92a299686469828e3108f29bfa) Importer(815301076,1909f56bfc062723c751e8b465ee728b)  -> (artifact id: 'e1e1678429981abefc1a4bf470c0dc3d') in 0.004864 seconds 
========================================================================
Received Import Request.
  Time since last request: 1.952524 seconds.
  path: Assets/Scripts/ExcelDataParser.cs
  artifactKey: Guid(d39faa92a299686469828e3108f29bfa) Importer(815301076,1909f56bfc062723c751e8b465ee728b)
Start importing Assets/Scripts/ExcelDataParser.cs using Guid(d39faa92a299686469828e3108f29bfa) Importer(815301076,1909f56bfc062723c751e8b465ee728b)  -> (artifact id: '116112915ac862660a5176d9032e342d') in 0.005163 seconds 
========================================================================
Received Import Request.
  Time since last request: 1.660684 seconds.
  path: Assets/Scripts/ExcelDataParser.cs
  artifactKey: Guid(d39faa92a299686469828e3108f29bfa) Importer(815301076,1909f56bfc062723c751e8b465ee728b)
Start importing Assets/Scripts/ExcelDataParser.cs using Guid(d39faa92a299686469828e3108f29bfa) Importer(815301076,1909f56bfc062723c751e8b465ee728b)  -> (artifact id: '06e99b706d0d0432b5503ef6aabeb99a') in 0.004738 seconds 
========================================================================
Received Import Request.
  Time since last request: 25.355964 seconds.
  path: Assets/Scripts/ExcelDataParser.cs
  artifactKey: Guid(d39faa92a299686469828e3108f29bfa) Importer(815301076,1909f56bfc062723c751e8b465ee728b)
Start importing Assets/Scripts/ExcelDataParser.cs using Guid(d39faa92a299686469828e3108f29bfa) Importer(815301076,1909f56bfc062723c751e8b465ee728b)  -> (artifact id: '8e79f9df0509526b63d103938278ceea') in 0.004855 seconds 
========================================================================
Received Import Request.
  Time since last request: 1.519090 seconds.
  path: Assets/Scripts/ExcelDataParser.cs
  artifactKey: Guid(d39faa92a299686469828e3108f29bfa) Importer(815301076,1909f56bfc062723c751e8b465ee728b)
Start importing Assets/Scripts/ExcelDataParser.cs using Guid(d39faa92a299686469828e3108f29bfa) Importer(815301076,1909f56bfc062723c751e8b465ee728b)  -> (artifact id: 'bc84d455f8633aaaff2f627da5b7b26b') in 0.004791 seconds 
========================================================================
Received Import Request.
  Time since last request: 2.764786 seconds.
  path: Assets/Scripts/ExcelDataParser.cs
  artifactKey: Guid(d39faa92a299686469828e3108f29bfa) Importer(815301076,1909f56bfc062723c751e8b465ee728b)
Start importing Assets/Scripts/ExcelDataParser.cs using Guid(d39faa92a299686469828e3108f29bfa) Importer(815301076,1909f56bfc062723c751e8b465ee728b)  -> (artifact id: 'd2cf9746ca6e58086dbe220ae0f30c45') in 0.004802 seconds 
========================================================================
Received Import Request.
  Time since last request: 5.046206 seconds.
  path: Assets/Scripts/ExcelDataParser.cs
  artifactKey: Guid(d39faa92a299686469828e3108f29bfa) Importer(815301076,1909f56bfc062723c751e8b465ee728b)
Start importing Assets/Scripts/ExcelDataParser.cs using Guid(d39faa92a299686469828e3108f29bfa) Importer(815301076,1909f56bfc062723c751e8b465ee728b)  -> (artifact id: '59f5908323d27f8baee3143cc1e98b22') in 0.005000 seconds 
========================================================================
Received Import Request.
  Time since last request: 5.969615 seconds.
  path: Assets/Scripts/ExcelDataParser.cs
  artifactKey: Guid(d39faa92a299686469828e3108f29bfa) Importer(815301076,1909f56bfc062723c751e8b465ee728b)
Start importing Assets/Scripts/ExcelDataParser.cs using Guid(d39faa92a299686469828e3108f29bfa) Importer(815301076,1909f56bfc062723c751e8b465ee728b)  -> (artifact id: '7edf48736783951f0f9e9d102f59cbea') in 0.004997 seconds 
========================================================================
Received Import Request.
  Time since last request: 21.473673 seconds.
  path: Assets/Scripts/ExcelDataParser.cs
  artifactKey: Guid(d39faa92a299686469828e3108f29bfa) Importer(815301076,1909f56bfc062723c751e8b465ee728b)
Start importing Assets/Scripts/ExcelDataParser.cs using Guid(d39faa92a299686469828e3108f29bfa) Importer(815301076,1909f56bfc062723c751e8b465ee728b)  -> (artifact id: '344b1633a1c00a5f85d368861ca62223') in 0.004729 seconds 
========================================================================
Received Import Request.
  Time since last request: 12.411475 seconds.
  path: Assets/Scripts/ExcelDataParser.cs
  artifactKey: Guid(d39faa92a299686469828e3108f29bfa) Importer(815301076,1909f56bfc062723c751e8b465ee728b)
Start importing Assets/Scripts/ExcelDataParser.cs using Guid(d39faa92a299686469828e3108f29bfa) Importer(815301076,1909f56bfc062723c751e8b465ee728b)  -> (artifact id: '1a76fb999f7c07951743601e10360da5') in 0.004848 seconds 
========================================================================
Received Import Request.
  Time since last request: 16.759313 seconds.
  path: Assets/Scripts/ExcelDataParser.cs
  artifactKey: Guid(d39faa92a299686469828e3108f29bfa) Importer(815301076,1909f56bfc062723c751e8b465ee728b)
Start importing Assets/Scripts/ExcelDataParser.cs using Guid(d39faa92a299686469828e3108f29bfa) Importer(815301076,1909f56bfc062723c751e8b465ee728b)  -> (artifact id: 'a295c244c2f9073b530faace131a9ac3') in 0.005478 seconds 
========================================================================
Received Import Request.
  Time since last request: 20.957812 seconds.
  path: Assets/Scripts/ExcelDataParser.cs
  artifactKey: Guid(d39faa92a299686469828e3108f29bfa) Importer(815301076,1909f56bfc062723c751e8b465ee728b)
Start importing Assets/Scripts/ExcelDataParser.cs using Guid(d39faa92a299686469828e3108f29bfa) Importer(815301076,1909f56bfc062723c751e8b465ee728b)  -> (artifact id: 'f19b5fc035ff417ab82570066f6000ab') in 0.005247 seconds 
========================================================================
Received Import Request.
  Time since last request: 4.815282 seconds.
  path: Assets/Scripts/ExcelDataParser.cs
  artifactKey: Guid(d39faa92a299686469828e3108f29bfa) Importer(815301076,1909f56bfc062723c751e8b465ee728b)
Start importing Assets/Scripts/ExcelDataParser.cs using Guid(d39faa92a299686469828e3108f29bfa) Importer(815301076,1909f56bfc062723c751e8b465ee728b)  -> (artifact id: '3deb8ca332b40440c48fbfa29506f401') in 0.005702 seconds 
========================================================================
Received Import Request.
  Time since last request: 11.600965 seconds.
  path: Assets/Scripts/ExcelDataParser.cs
  artifactKey: Guid(d39faa92a299686469828e3108f29bfa) Importer(815301076,1909f56bfc062723c751e8b465ee728b)
Start importing Assets/Scripts/ExcelDataParser.cs using Guid(d39faa92a299686469828e3108f29bfa) Importer(815301076,1909f56bfc062723c751e8b465ee728b)  -> (artifact id: 'acb0ea7126754dabdd007754c45addca') in 0.004877 seconds 
========================================================================
Received Import Request.
  Time since last request: 10.335359 seconds.
  path: Assets/Scripts/ExcelDataParser.cs
  artifactKey: Guid(d39faa92a299686469828e3108f29bfa) Importer(815301076,1909f56bfc062723c751e8b465ee728b)
Start importing Assets/Scripts/ExcelDataParser.cs using Guid(d39faa92a299686469828e3108f29bfa) Importer(815301076,1909f56bfc062723c751e8b465ee728b)  -> (artifact id: 'b7a3bfeb620b1966e995138254153fd1') in 0.005186 seconds 
========================================================================
Received Import Request.
  Time since last request: 13.191921 seconds.
  path: Assets/Scripts/ExcelDataParser.cs
  artifactKey: Guid(d39faa92a299686469828e3108f29bfa) Importer(815301076,1909f56bfc062723c751e8b465ee728b)
Start importing Assets/Scripts/ExcelDataParser.cs using Guid(d39faa92a299686469828e3108f29bfa) Importer(815301076,1909f56bfc062723c751e8b465ee728b)  -> (artifact id: '7a58df0917a55f415a74dc73d25dc110') in 0.005099 seconds 
========================================================================
Received Prepare
Registering precompiled user dll's ...
Registered in 0.006229 seconds.
Begin MonoManager ReloadAssembly
Native extension for WindowsStandalone target not found
Refreshing native plugins compatible for Editor in 0.30 ms, found 2 plugins.
Preloading 0 native plugins for Editor in 0.00 ms.
Mono: successfully reloaded assembly
- Completed reload, in  0.799 seconds
Domain Reload Profiling:
	ReloadAssembly (800ms)
		BeginReloadAssembly (103ms)
			ExecutionOrderSort (0ms)
			DisableScriptedObjects (4ms)
			BackupInstance (0ms)
			ReleaseScriptingObjects (0ms)
			CreateAndSetChildDomain (27ms)
		EndReloadAssembly (650ms)
			LoadAssemblies (91ms)
			RebuildTransferFunctionScriptingTraits (0ms)
			SetupTypeCache (223ms)
			ReleaseScriptCaches (1ms)
			RebuildScriptCaches (32ms)
			SetupLoadedEditorAssemblies (239ms)
				LogAssemblyErrors (0ms)
				InitializePlatformSupportModulesInManaged (4ms)
				SetLoadedEditorAssemblies (0ms)
				RefreshPlugins (0ms)
				BeforeProcessingInitializeOnLoad (60ms)
				ProcessInitializeOnLoadAttributes (164ms)
				ProcessInitializeOnLoadMethodAttributes (8ms)
				AfterProcessingInitializeOnLoad (2ms)
				EditorAssembliesLoaded (0ms)
			ExecutionOrderSort2 (0ms)
			AwakeInstancesAfterBackupRestoration (6ms)
Platform modules already initialized, skipping
Refreshing native plugins compatible for Editor in 0.30 ms, found 2 plugins.
Preloading 0 native plugins for Editor in 0.00 ms.
Unloading 1503 Unused Serialized files (Serialized files now loaded: 0)
System memory in use before: 68.5 MB.
System memory in use after: 68.6 MB.

Unloading 13 unused Assets to reduce memory usage. Loaded Objects now: 1967.
Total: 2.166900 ms (FindLiveObjects: 0.127600 ms CreateObjectMapping: 0.044800 ms MarkObjects: 1.973000 ms  DeleteObjects: 0.020300 ms)

AssetImportParameters requested are different than current active one (requested -> active):
  custom:framework-win-MediaFoundation: 216162199b28c13a410421893ffa2e32 -> 
  custom:video-decoder-ogg-theora: a1e56fd34408186e4bbccfd4996cb3dc -> 
  custom:container-muxer-webm: aa71ff27fc2769a1b78a27578f13a17b -> 
  custom:container-demuxer-webm: 4f35f7cbe854078d1ac9338744f61a02 -> 
  custom:container-demuxer-ogg: 62fdf1f143b41e24485cea50d1cbac27 -> 
  custom:video-encoder-webm-vp8: eb34c28f22e8b96e1ab97ce403110664 -> 
  custom:video-decoder-webm-vp8: 9c59270c3fd7afecdb556c50c9e8de78 -> 
  custom:audio-decoder-ogg-vorbis: bf7c407c2cedff20999df2af8eb42d56 -> 
  custom:audio-encoder-webm-vorbis: bf7c407c2cedff20999df2af8eb42d56 -> 
AssetImportWorkerClient::OnTransportError - code=2 error=End of file
